pdns-sdk-android/build/outputs/mapping/release/seeds.txt
com.alibaba.pdns.DNSResolver$c
com.alibaba.pdns.model.d$a
com.alibaba.pdns.BuildConfig
com.alibaba.pdns.r.e
com.alibaba.pdns.l
com.alibaba.pdns.u.a$b
com.alibaba.pdns.a
com.alibaba.pdns.log.HttpDnsLog
com.alibaba.pdns.r.c
com.alibaba.pdns.j
com.alibaba.pdns.s.e.d
com.alibaba.pdns.r.a$a$a
com.alibaba.pdns.net.HttpsNotCheckVerifier
com.alibaba.pdns.f
com.alibaba.pdns.s.a$b
com.alibaba.pdns.t.a$d
com.alibaba.pdns.pools.b$a
com.alibaba.pdns.s.b
com.alibaba.pdns.DNSResolver
com.alibaba.pdns.s.d$a
com.alibaba.pdns.pools.e$a
com.alibaba.pdns.f$b
com.alibaba.pdns.f$a
com.alibaba.pdns.t.e.c$a
com.alibaba.pdns.pools.a$c
com.alibaba.pdns.log.Logger
com.alibaba.pdns.pools.d
com.alibaba.pdns.e
com.alibaba.pdns.h
com.alibaba.pdns.s.e.a
com.alibaba.pdns.x.d.a
com.alibaba.pdns.s.e
com.alibaba.pdns.model.DomainRttModel$ItemsJosnBean
com.alibaba.pdns.s.a$a$a
com.alibaba.pdns.q$b
com.alibaba.pdns.pools.Callback$CancelledException
com.alibaba.pdns.pools.c
com.alibaba.pdns.pools.f$d
com.alibaba.pdns.net.f.a
com.alibaba.pdns.pools.b
com.alibaba.pdns.pools.a
com.alibaba.pdns.s.e.c
com.alibaba.pdns.g$a
com.alibaba.pdns.model.e
com.alibaba.pdns.pools.b$b
com.alibaba.pdns.q$a
com.alibaba.pdns.x.b
com.alibaba.pdns.pools.a$a
com.alibaba.pdns.pools.a$b
com.alibaba.pdns.t.a
com.alibaba.pdns.t.d
com.alibaba.pdns.net.f.f
com.alibaba.pdns.pools.Callback
com.alibaba.pdns.pools.e
com.alibaba.pdns.net.HttpsHostnameVerifier
com.alibaba.pdns.model.DomainUhfReportModel
com.alibaba.pdns.t.a$a
com.alibaba.pdns.u.a
com.alibaba.pdns.net.f.f$a
com.alibaba.pdns.DomainInfo
com.alibaba.pdns.pools.a$b$d
com.alibaba.pdns.pools.e$c
com.alibaba.pdns.model.ReportDomanInfo
com.alibaba.pdns.i
com.alibaba.pdns.t.b
com.alibaba.pdns.pools.f$c
com.alibaba.pdns.r.d$a
com.alibaba.pdns.v.a
com.alibaba.pdns.log.ILogger
com.alibaba.pdns.t.c
com.alibaba.pdns.t.e.b
com.alibaba.pdns.pools.b$c
com.alibaba.pdns.pools.a$b$c
com.alibaba.pdns.net.f.g$a
com.alibaba.pdns.s.a
com.alibaba.pdns.q
com.alibaba.pdns.s.e.c$a
com.alibaba.pdns.pools.Priority
com.alibaba.pdns.net.b
com.alibaba.pdns.net.a
com.alibaba.pdns.r.d
com.alibaba.pdns.jni.Jni
com.alibaba.pdns.pools.a$b$a
com.alibaba.pdns.model.a
com.alibaba.pdns.v.b
com.alibaba.pdns.net.e
com.alibaba.pdns.pools.f$a
com.alibaba.pdns.s.c$a
com.alibaba.pdns.model.b
com.alibaba.pdns.r.a
com.alibaba.pdns.u.a$d
com.alibaba.pdns.net.f.e$a
com.alibaba.pdns.s.c
com.alibaba.pdns.DNSResolver$a
com.alibaba.pdns.c$a
com.alibaba.pdns.w.b
com.alibaba.pdns.net.f.g
com.alibaba.pdns.p
com.alibaba.pdns.r.b
com.alibaba.pdns.m
com.alibaba.pdns.k
com.alibaba.pdns.net.HttpRequestAysnc
com.alibaba.pdns.net.f.c
com.alibaba.pdns.b
com.alibaba.pdns.t.e.d
com.alibaba.pdns.r.a$a
com.alibaba.pdns.model.ReportDomanInfo$DataJsonBean
com.alibaba.pdns.R
com.alibaba.pdns.d
com.alibaba.pdns.u.a$c
com.alibaba.pdns.pools.f$b
com.alibaba.pdns.net.c
com.alibaba.pdns.s.e.b
com.alibaba.pdns.model.f
com.alibaba.pdns.x.d.a$a
com.alibaba.pdns.u.a$a
com.alibaba.pdns.c$d
com.alibaba.pdns.r.a$b
com.alibaba.pdns.net.f.b$a
com.alibaba.pdns.pools.AbstractTask
com.alibaba.pdns.model.d
com.alibaba.pdns.h$a
com.alibaba.pdns.pools.Callback$b
com.alibaba.pdns.o
com.alibaba.pdns.c$b
com.alibaba.pdns.pools.e$b
com.alibaba.pdns.model.DomainRttModel
com.alibaba.pdns.net.f.b
com.alibaba.pdns.n
com.alibaba.pdns.net.HttpTrustManager
com.alibaba.pdns.pools.a$b$b
com.alibaba.pdns.c$e
com.alibaba.pdns.pools.AbstractTask$State
com.alibaba.pdns.w.a
com.alibaba.pdns.JsonUitl
com.alibaba.pdns.c
com.alibaba.pdns.w.b$a
com.alibaba.pdns.k$a
com.alibaba.pdns.net.f.d
com.alibaba.pdns.t.a$c
com.alibaba.pdns.c$c
com.alibaba.pdns.net.d
com.alibaba.pdns.pools.Callback$a
com.alibaba.pdns.jni.a
com.alibaba.pdns.t.e.c
com.alibaba.pdns.s.a$a
com.alibaba.pdns.r
com.alibaba.pdns.DNSResolver$b
com.alibaba.pdns.t.e.a
com.alibaba.pdns.g
com.alibaba.pdns.u.b
com.alibaba.pdns.s.d
com.alibaba.pdns.r.c$a
com.alibaba.pdns.pools.f
com.alibaba.pdns.x.a
com.alibaba.pdns.net.f.e
com.alibaba.pdns.i$a
com.alibaba.pdns.model.c
com.alibaba.pdns.x.c