pdns-sdk-android/build/outputs/mapping/release/mapping.txt
# compiler: R8
# compiler_version: 2.2.71
# pg_map_id: 4feefc1
# common_typos_disable
com.alibaba.pdns.BuildConfig -> com.alibaba.pdns.a:
    boolean DEBUG -> a
    java.lang.String BUILD_TYPE -> c
    java.lang.String LIBRARY_PACKAGE_NAME -> b
    boolean LOG_DEBUG -> d
    1:1:void <init>():6:6 -> <init>
com.alibaba.pdns.DNSResolver -> com.alibaba.pdns.DNSResolver:
    java.lang.String o -> g
    java.lang.String n -> f
    boolean a -> n
    com.alibaba.pdns.t.a e -> r
    java.lang.String p -> h
    int u -> m
    java.lang.String s -> k
    boolean t -> l
    android.content.Context r -> j
    java.util.concurrent.ScheduledExecutorService g -> t
    com.alibaba.pdns.DNSResolver q -> i
    com.alibaba.pdns.s.e b -> o
    int h -> u
    boolean i -> a
    boolean j -> b
    com.alibaba.pdns.v.a c -> p
    com.alibaba.pdns.w.a d -> q
    com.alibaba.pdns.x.b f -> s
    boolean k -> c
    java.lang.String m -> e
    boolean l -> d
    1:48:void <clinit>() -> <clinit>
    1:1086:void <init>() -> <init>
    1:47:void Init(android.content.Context,java.lang.String,java.lang.String,java.lang.String) -> Init
    1:1:com.alibaba.pdns.s.e a(com.alibaba.pdns.DNSResolver) -> a
    2:22:void a() -> a
    23:207:java.lang.String[] a(java.lang.String,boolean,boolean) -> a
    208:286:com.alibaba.pdns.model.a a(java.lang.String,boolean) -> a
    287:312:java.lang.String[] a(java.lang.String,java.lang.String,boolean) -> a
    313:325:com.alibaba.pdns.model.a a(java.lang.String,java.lang.String,boolean,boolean) -> a
    326:328:void a(java.lang.String,java.lang.String) -> a
    1:19:com.alibaba.pdns.DomainInfo[] b(java.lang.String,java.lang.String) -> b
    20:20:java.util.concurrent.ScheduledExecutorService b() -> b
    1:25:void c() -> c
com.alibaba.pdns.DNSResolver$a -> com.alibaba.pdns.DNSResolver$a:
    1:1:void <init>(com.alibaba.pdns.DNSResolver,java.lang.String,java.lang.String) -> <init>
    1:7:void run() -> run
com.alibaba.pdns.DNSResolver$b -> com.alibaba.pdns.DNSResolver$b:
    1:1:void <init>(com.alibaba.pdns.DNSResolver) -> <init>
    1:3:java.lang.Thread newThread(java.lang.Runnable) -> newThread
com.alibaba.pdns.DNSResolver$c -> com.alibaba.pdns.DNSResolver$c:
    1:1:void <init>(com.alibaba.pdns.DNSResolver) -> <init>
    1:30:void run() -> run
com.alibaba.pdns.DomainInfo -> com.alibaba.pdns.DomainInfo:
    1:49:void <init>(java.lang.String,java.lang.String,java.lang.String) -> <init>
    1:2:com.alibaba.pdns.DomainInfo domainInfoFactory(java.lang.String,java.lang.String,java.lang.String,java.lang.String) -> domainInfoFactory
    3:5:com.alibaba.pdns.DomainInfo[] domainInfoFactory(java.lang.String[],java.lang.String,java.lang.String,java.lang.String) -> domainInfoFactory
    1:7:java.lang.String toString() -> toString
com.alibaba.pdns.JsonUitl -> com.alibaba.pdns.JsonUitl:
    1:1:void <clinit>() -> <clinit>
    1:1:void <init>() -> <init>
    1:5:java.util.List a(java.lang.String,java.lang.Class) -> a
    1:1:java.lang.Object b(java.lang.String,java.lang.Class) -> b
    1:1:java.lang.String objectToString(java.lang.Object) -> objectToString
com.alibaba.pdns.a -> com.alibaba.pdns.b:
# {"id":"sourceFile","fileName":"AddressMode.java"}
    1:1:void <init>() -> <init>
com.alibaba.pdns.b -> com.alibaba.pdns.c:
# {"id":"sourceFile","fileName":"AppConfigUtil.java"}
    1:1:void <init>() -> <init>
    1:1:void a(android.content.Context) -> a
    2:6:java.io.File a() -> a
    1:22:java.lang.String b() -> b
    1:24:java.lang.String c() -> c
    1:2:android.content.Context d() -> d
    1:3:java.io.File e() -> e
    1:9:java.lang.String f() -> f
com.alibaba.pdns.c -> com.alibaba.pdns.d:
# {"id":"sourceFile","fileName":"Base64.java"}
    1:1:void <init>() -> <init>
    1:11:com.alibaba.pdns.c$e a(int,byte[]) -> a
    12:12:com.alibaba.pdns.c$c a() -> a
    1:1:com.alibaba.pdns.c$e b() -> b
    1:1:com.alibaba.pdns.c$c c() -> c
    1:1:com.alibaba.pdns.c$e d() -> d
    1:1:com.alibaba.pdns.c$c e() -> e
    1:1:com.alibaba.pdns.c$e f() -> f